<?xml version="1.0" encoding="UTF-8"?>
<coverage generated="1621422249440" clover="3.2.0">
  <project timestamp="1621422249440" name="All files">
    <metrics statements="8" coveredstatements="6" conditionals="4" coveredconditionals="3" methods="2" coveredmethods="1" elements="14" coveredelements="10" complexity="0" loc="8" ncloc="8" packages="1" files="1" classes="1"/>
    <file name="challenge.ts" path="/Users/agustina/Documents/dcl/pow-authorization-server/src/logic/challenge.ts">
      <metrics statements="8" coveredstatements="6" conditionals="4" coveredconditionals="3" methods="2" coveredmethods="1"/>
      <line num="1" count="1" type="stmt"/>
      <line num="12" count="1" type="stmt"/>
      <line num="13" count="4498" type="cond" truecount="1" falsecount="1"/>
      <line num="17" count="0" type="stmt"/>
      <line num="19" count="4498" type="stmt"/>
      <line num="24" count="4498" type="stmt"/>
      <line num="27" count="1" type="stmt"/>
      <line num="28" count="0" type="stmt"/>
    </file>
  </project>
</coverage>
