{"/Users/agustina/Documents/dcl/pow-authorization-server/src/logic/challenge.ts": {"path":"/Users/agustina/Documents/dcl/pow-authorization-server/src/logic/challenge.ts","statementMap":{"0":{"start":{"line":1,"column":0},"end":{"line":1,"column":32}},"1":{"start":{"line":13,"column":2},"end":{"line":18,"column":null}},"2":{"start":{"line":17,"column":4},"end":{"line":17,"column":null}},"3":{"start":{"line":19,"column":15},"end":{"line":22,"column":18}},"4":{"start":{"line":24,"column":2},"end":{"line":24,"column":null}},"5":{"start":{"line":12,"column":0},"end":{"line":12,"column":22}},"6":{"start":{"line":28,"column":2},"end":{"line":28,"column":null}},"7":{"start":{"line":27,"column":0},"end":{"line":27,"column":22}}},"fnMap":{"0":{"name":"isValidChallenge","decl":{"start":{"line":12,"column":22},"end":{"line":12,"column":38}},"loc":{"start":{"line":12,"column":98},"end":{"line":25,"column":null}}},"1":{"name":"generateChallenge","decl":{"start":{"line":27,"column":22},"end":{"line":27,"column":39}},"loc":{"start":{"line":27,"column":39},"end":{"line":29,"column":null}}}},"branchMap":{"0":{"loc":{"start":{"line":13,"column":2},"end":{"line":18,"column":null}},"type":"if","locations":[{"start":{"line":13,"column":2},"end":{"line":18,"column":null}},{"start":{"line":13,"column":2},"end":{"line":18,"column":null}}]},"1":{"loc":{"start":{"line":14,"column":4},"end":{"line":14,"column":58}},"type":"binary-expr","locations":[{"start":{"line":14,"column":4},"end":{"line":14,"column":58}},{"start":{"line":15,"column":4},"end":{"line":15,"column":60}}]}},"s":{"0":1,"1":4498,"2":0,"3":4498,"4":4498,"5":1,"6":0,"7":1},"f":{"0":4498,"1":0},"b":{"0":[0,4498],"1":[4498,4498]}}
}
